#
# There is insufficient memory for the Java Runtime Environment to continue.
# Native memory allocation (malloc) failed to allocate 1048576 bytes for AllocateHeap
# Possible reasons:
#   The system is out of physical RAM or swap space
#   In 32 bit mode, the process size limit was hit
# Possible solutions:
#   Reduce memory load on the system
#   Increase physical memory or swap space
#   Check if swap backing store is full
#   Use 64 bit Java on a 64 bit OS
#   Decrease Java heap size (-Xmx/-Xms)
#   Decrease number of Java threads
#   Decrease Java thread stack sizes (-Xss)
#   Set larger code cache with -XX:ReservedCodeCacheSize=
# This output file may be truncated or incomplete.
#
#  Out of Memory Error (memory/allocation.inline.hpp:61), pid=14572, tid=0x0000000000000ad4
#
# JRE version:  (8.0_131-b11) (build )
# Java VM: Java HotSpot(TM) 64-Bit Server VM (25.131-b11 mixed mode windows-amd64 compressed oops)
# Failed to write core dump. Minidumps are not enabled by default on client versions of Windows
#

---------------  T H R E A D  ---------------

Current thread (0x0000000004b0e000):  JavaThread "Unknown thread" [_thread_in_vm, id=2772, stack(0x0000000004780000,0x0000000004880000)]

Stack: [0x0000000004780000,0x0000000004880000]
[error occurred during error reporting (printing stack bounds), id 0xc0000005]

Native frames: (J=compiled Java code, j=interpreted, Vv=VM code, C=native code)


---------------  P R O C E S S  ---------------

Java Threads: ( => current thread )

Other Threads:

=>0x0000000004b0e000 (exited) JavaThread "Unknown thread" [_thread_in_vm, id=2772, stack(0x0000000004780000,0x0000000004880000)]

VM state:not at safepoint (normal execution)

VM Mutex/Monitor currently owned by a thread: None

Heap:
 PSYoungGen      total 38400K, used 665K [0x00000000d5f80000, 0x00000000d8a00000, 0x0000000100000000)
  eden space 33280K, 2% used [0x00000000d5f80000,0x00000000d6026670,0x00000000d8000000)
  from space 5120K, 0% used [0x00000000d8500000,0x00000000d8500000,0x00000000d8a00000)
  to   space 5120K, 0% used [0x00000000d8000000,0x00000000d8000000,0x00000000d8500000)
 ParOldGen       total 87552K, used 0K [0x0000000081e00000, 0x0000000087380000, 0x00000000d5f80000)
  object space 87552K, 0% used [0x0000000081e00000,0x0000000081e00000,0x0000000087380000)
 Metaspace       used 746K, capacity 4480K, committed 4480K, reserved 1056768K
  class space    used 75K, capacity 384K, committed 384K, reserved 1048576K

Card table byte_map: [0x0000000013ed0000,0x00000000142d0000] byte_map_base: 0x0000000013ac1000

Marking Bits: (ParMarkBitMap*) 0x00000000704cc720
 Begin Bits: [0x0000000014980000, 0x0000000016908000)
 End Bits:   [0x0000000016908000, 0x0000000018890000)

Polling page: 0x0000000002ea0000

CodeCache: size=245760Kb used=328Kb max_used=328Kb free=245431Kb
 bounds [0x0000000004b10000, 0x0000000004d80000, 0x0000000013b10000]
 total_blobs=58 nmethods=0 adapters=38
 compilation: enabled

Compilation events (0 events):
No events

GC Heap History (0 events):
No events

Deoptimization events (0 events):
No events

Internal exceptions (0 events):
No events

Events (10 events):
Event: 0.039 loading class java/lang/Short
Event: 0.039 loading class java/lang/Short done
Event: 0.039 loading class java/lang/Integer
Event: 0.039 loading class java/lang/Integer done
Event: 0.039 loading class java/lang/Long
Event: 0.039 loading class java/lang/Long done
Event: 0.040 loading class java/lang/NullPointerException
Event: 0.040 loading class java/lang/NullPointerException done
Event: 0.040 loading class java/lang/ArithmeticException
Event: 0.040 loading class java/lang/ArithmeticException done


Dynamic libraries:
0x00007ff67ce00000 - 0x00007ff67ce37000 	C:\Program Files\Java\jre1.8.0_131\bin\javaw.exe
0x00007ffa992d0000 - 0x00007ffa994b0000 	C:\WINDOWS\SYSTEM32\ntdll.dll
0x00007ffa96e50000 - 0x00007ffa96efe000 	C:\WINDOWS\System32\KERNEL32.DLL
0x00007ffa96330000 - 0x00007ffa96596000 	C:\WINDOWS\System32\KERNELBASE.dll
0x0000000071b80000 - 0x0000000071c15000 	C:\WINDOWS\System32\SYSFER.DLL
0x00007ffa99190000 - 0x00007ffa99231000 	C:\WINDOWS\System32\ADVAPI32.dll
0x00007ffa96db0000 - 0x00007ffa96e4d000 	C:\WINDOWS\System32\msvcrt.dll
0x00007ffa99100000 - 0x00007ffa9915b000 	C:\WINDOWS\System32\sechost.dll
0x00007ffa967a0000 - 0x00007ffa968bf000 	C:\WINDOWS\System32\RPCRT4.dll
0x0000000070550000 - 0x000000007086b000 	C:\ProgramData\Symantec\Symantec Endpoint Protection\14.0.3876.1100.105\Data\Definitions\IPSDefs\20180621.001\IPSEng64.dll
0x00007ffa98d40000 - 0x00007ffa98d48000 	C:\WINDOWS\System32\PSAPI.DLL
0x00007ffa98790000 - 0x00007ffa9891f000 	C:\WINDOWS\System32\USER32.dll
0x00007ffa958a0000 - 0x00007ffa958c0000 	C:\WINDOWS\System32\win32u.dll
0x00007ffa99160000 - 0x00007ffa99188000 	C:\WINDOWS\System32\GDI32.dll
0x00007ffa96600000 - 0x00007ffa96793000 	C:\WINDOWS\System32\gdi32full.dll
0x00007ffa958c0000 - 0x00007ffa9595b000 	C:\WINDOWS\System32\msvcp_win.dll
0x00007ffa96180000 - 0x00007ffa96276000 	C:\WINDOWS\System32\ucrtbase.dll
0x00007ffa85ab0000 - 0x00007ffa85d19000 	C:\WINDOWS\WinSxS\amd64_microsoft.windows.common-controls_6595b64144ccf1df_6.0.16299.371_none_15c7d1789365a290\COMCTL32.dll
0x00007ffa96aa0000 - 0x00007ffa96da8000 	C:\WINDOWS\System32\combase.dll
0x00007ffa96100000 - 0x00007ffa96172000 	C:\WINDOWS\System32\bcryptPrimitives.dll
0x00007ffa968c0000 - 0x00007ffa968ed000 	C:\WINDOWS\System32\IMM32.DLL
0x0000000071aa0000 - 0x0000000071b72000 	C:\Program Files\Java\jre1.8.0_131\bin\msvcr100.dll
0x000000006fcb0000 - 0x000000007054c000 	C:\Program Files\Java\jre1.8.0_131\bin\server\jvm.dll
0x00007ffa788f0000 - 0x00007ffa788f9000 	C:\WINDOWS\SYSTEM32\WSOCK32.dll
0x00007ffa99090000 - 0x00007ffa990fc000 	C:\WINDOWS\System32\WS2_32.dll
0x00007ffa922c0000 - 0x00007ffa922e3000 	C:\WINDOWS\SYSTEM32\WINMM.dll
0x00007ffa86dd0000 - 0x00007ffa86dda000 	C:\WINDOWS\SYSTEM32\VERSION.dll
0x00007ffa92260000 - 0x00007ffa9228a000 	C:\WINDOWS\SYSTEM32\WINMMBASE.dll
0x00007ffa95960000 - 0x00007ffa959aa000 	C:\WINDOWS\System32\cfgmgr32.dll
0x0000000071a40000 - 0x0000000071a4f000 	C:\Program Files\Java\jre1.8.0_131\bin\verify.dll
0x0000000071a10000 - 0x0000000071a39000 	C:\Program Files\Java\jre1.8.0_131\bin\java.dll
0x0000000071820000 - 0x0000000071836000 	C:\Program Files\Java\jre1.8.0_131\bin\zip.dll

VM Arguments:
jvm_args: -Dfile.encoding=Cp1252 
java_command: controller.Controller
java_class_path (initial): C:\Program Files\Java\jre1.8.0_131\lib\resources.jar;C:\Program Files\Java\jre1.8.0_131\lib\rt.jar;C:\Program Files\Java\jre1.8.0_131\lib\jsse.jar;C:\Program Files\Java\jre1.8.0_131\lib\jce.jar;C:\Program Files\Java\jre1.8.0_131\lib\charsets.jar;C:\Program Files\Java\jre1.8.0_131\lib\jfr.jar;C:\Program Files\Java\jre1.8.0_131\lib\ext\access-bridge-64.jar;C:\Program Files\Java\jre1.8.0_131\lib\ext\cldrdata.jar;C:\Program Files\Java\jre1.8.0_131\lib\ext\dnsns.jar;C:\Program Files\Java\jre1.8.0_131\lib\ext\jaccess.jar;C:\Program Files\Java\jre1.8.0_131\lib\ext\jfxrt.jar;C:\Program Files\Java\jre1.8.0_131\lib\ext\localedata.jar;C:\Program Files\Java\jre1.8.0_131\lib\ext\nashorn.jar;C:\Program Files\Java\jre1.8.0_131\lib\ext\sunec.jar;C:\Program Files\Java\jre1.8.0_131\lib\ext\sunjce_provider.jar;C:\Program Files\Java\jre1.8.0_131\lib\ext\sunmscapi.jar;C:\Program Files\Java\jre1.8.0_131\lib\ext\sunpkcs11.jar;C:\Program Files\Java\jre1.8.0_131\lib\ext\zipfs.jar;C:\Users\nlejeune\eclipse-workspace\Suivi_Global_CMI\bin;C:\Users\nlejeune\Downloads\poi-3.17\poi-3.17.jar;C:\Users\nlejeune\Downloads\poi-3.17\poi-examples-3.17.jar;C:\Users\nlejeune\Downloads\poi-3.17\poi-excelant-3.17.jar;C:\Users\nlejeune\Downloads\poi-3.17\poi-ooxml-3.17.jar;C:\Users\nlejeune\Downloads\poi-3.17\poi-ooxml-schemas-3.17.jar;C:\Users\nlejeune\Downloads\poi-3.17\poi-scratchpad-3.17.jar;C:\Users\nlejeune\Downloads\xmlbeans-2.3.0.jar;C:\Users\nlejeune\Downloads\dom4j-1.6.jar;C:\Users\nlejeune\Downloads\commons-collections4-4.0.jar;C:\Users\nlejeune\Downloads\commons-collections4-4.1.jar
Launcher Type: SUN_STANDARD

Environment Variables:
PATH=C:/Program Files/Java/jre1.8.0_131/bin/server;C:/Program Files/Java/jre1.8.0_131/bin;C:/Program Files/Java/jre1.8.0_131/lib/amd64;C:\Program Files (x86)\Intel\iCLS Client\;C:\Program Files\Intel\iCLS Client\;C:\ProgramData\Oracle\Java\javapath;C:\WINDOWS\system32;C:\WINDOWS;C:\WINDOWS\System32\Wbem;C:\WINDOWS\System32\WindowsPowerShell\v1.0\;C:\Program Files (x86)\Intel\Intel(R) Management Engine Components\DAL;C:\Program Files\Intel\Intel(R) Management Engine Components\DAL;C:\Program Files (x86)\Intel\Intel(R) Management Engine Components\IPT;C:\Program Files\Intel\Intel(R) Management Engine Components\IPT;C:\Program Files\Intel\WiFi\bin\;C:\Program Files\Common Files\Intel\WirelessCommon\;C:\Program Files\dotnet\;C:\Program Files\Microsoft SQL Server\130\Tools\Binn\;C:\Program Files (x86)\Microsoft SQL Server\Client SDK\ODBC\130\Tools\Binn\;C:\Program Files (x86)\Microsoft SQL Server\140\Tools\Binn\;C:\Program Files (x86)\Microsoft SQL Server\140\DTS\Binn\;C:\Program Files (x86)\Microsoft SQL Server\140\Tools\Binn\ManagementStudio\;C:\Users\nlejeune\AppData\Local\Microsoft\WindowsApps;C:\Program Files\Intel\WiFi\bin\;C:\Program Files\Common Files\Intel\WirelessCommon\;C:\Users\nlejeune\eclipse\java-oxygen\eclipse;
USERNAME=nlejeune
OS=Windows_NT
PROCESSOR_IDENTIFIER=Intel64 Family 6 Model 142 Stepping 9, GenuineIntel



---------------  S Y S T E M  ---------------

OS: Windows 10.0 , 64 bit Build 16299 (10.0.16299.15)

CPU:total 4 (initial active 4) (2 cores per cpu, 2 threads per core) family 6 model 142 stepping 9, cmov, cx8, fxsr, mmx, sse, sse2, sse3, ssse3, sse4.1, sse4.2, popcnt, avx, avx2, aes, clmul, erms, rtm, 3dnowpref, lzcnt, ht, tsc, tscinvbit, bmi1, bmi2, adx

Memory: 4k page, physical 8264968k(765000k free), swap 33430792k(5408k free)

vm_info: Java HotSpot(TM) 64-Bit Server VM (25.131-b11) for windows-amd64 JRE (1.8.0_131-b11), built on Mar 15 2017 01:23:53 by "java_re" with MS VC++ 10.0 (VS2010)

time: Thu Jun 21 10:33:58 2018
elapsed time: 0 seconds (0d 0h 0m 0s)

